Removed Pin From Net: NetName=OUT3 Pin=J4-1
Removed Pin From Net: NetName=OUT2 Pin=J5-1
Removed Pin From Net: NetName=OUT4 Pin=J6-1
Add Component: Footprint Not Found 2078430003
Added Pin To Net: NetName=OUT4 Pin=J4-1
Added Pin To Net: NetName=OUT3 Pin=J5-1
Added Pin To Net: NetName=OUT2 Pin=J6-1
Add Pin To Net: Unknown Pin: Pin J8-1
Add Class Member: Failed to add class member : Component J8 207843-0003
Added Member To Class: ClassName=ExperimentBoard Member=Component R4 4.7k
Added Member To Class: ClassName=ExperimentBoard Member=Component R5 4.7k
Added Member To Class: ClassName=ExperimentBoard Member=Component R6 4.7k
Added Member To Class: ClassName=ExperimentBoard Member=Component R9 4.7k
Added Member To Class: ClassName=ExperimentBoard Member=Component U1 W25N01GVSFIG
Added Member To Class: ClassName=ExperimentBoard Member=Component U5 MPL3115A2ST1
Added Rule: Name=Schematic Supply Nets
Added Rule: Name=Schematic Supply Nets_1
Added Rule: Name=Schematic Supply Nets_2
Added Rule: Name=Schematic Supply Nets_3
Added Rule: Name=Schematic Supply Nets_4
